
 CHEMKIN INTERPRETER OUTPUT: CHEMKIN-II Version 3.9  Aug. 1994
                              DOUBLE PRECISION

                          --------------------
                          ELEMENTS     ATOMIC
                          CONSIDERED   WEIGHT
                          --------------------
                           1. H       1.00797    
                           2. C       12.0112    
                           3. O       15.9994    
                           4. N       14.0067    
                          --------------------
 -------------------------------------------------------------------------------
                          C
                       P  H
                       H  A
                       A  R
 SPECIES               S  G  MOLECULAR  TEMPERATURE  ELEMENT COUNT
 CONSIDERED            E  E  WEIGHT     LOW    HIGH  H  C  O  N  
 -------------------------------------------------------------------------------
   1. NC7H16           G  0  100.20557   300   5000  16  7  0  0
   2. O2               G  0   31.99880   300   5000   0  0  2  0
   3. N2               G  0   28.01340   300   5000   0  0  0  2
   4. CO2              G  0   44.00995   300   5000   0  1  2  0
   5. H2O              G  0   18.01534   300   5000   2  0  1  0
   6. CO               G  0   28.01055   300   5000   0  1  1  0
   7. H2               G  0    2.01594   300   5000   2  0  0  0
   8. OH               G  0   17.00737   300   5000   1  0  1  0
   9. H2O2             G  0   34.01474   300   5000   2  0  2  0
  10. HO2              G  0   33.00677   300   5000   1  0  2  0
  11. H                G  0    1.00797   300   5000   1  0  0  0
  12. O                G  0   15.99940   300   5000   0  0  1  0
  13. CH3O             G  0   31.03446   300   3000   3  1  1  0
  14. CH2O             G  0   30.02649   300   5000   2  1  1  0
  15. HCO              G  0   29.01852   300   5000   1  1  1  0
  16. CH2              G  0   14.02709   250   4000   2  1  0  0
  17. CH3              G  0   15.03506   300   5000   3  1  0  0
  18. CH4              G  0   16.04303   300   5000   4  1  0  0
  19. C2H2             G  0   26.03824   300   5000   2  2  0  0
  20. C2H3             G  0   27.04621   300   5000   3  2  0  0
  21. C2H4             G  0   28.05418   300   5000   4  2  0  0
  22. C2H5             G  0   29.06215   300   5000   5  2  0  0
  23. C3H4             G  0   40.06533   200   6000   4  3  0  0
  24. C3H5             G  0   41.07330   200   6000   5  3  0  0
  25. C3H6             G  0   42.08127   300   5000   6  3  0  0
  26. C3H7             G  0   43.08924   300   5000   7  3  0  0
  27. C7H15-2          G  0   99.19760   300   5000  15  7  0  0
  28. C7H15O2          G  0  131.19640   300   5000  15  7  2  0
  29. C7KET12          G  0  146.18783   300   5000  14  7  3  0
  30. C5H11CO          G  0   99.15397   300   5000  11  6  1  0
  31. N                G  0   14.00670   300   5000   0  0  0  1
  32. N2O              G  0   44.01280   300   5000   0  0  1  2
  33. NO               G  0   30.00610   300   5000   0  0  1  1
  34. NO2              G  0   46.00550   300   5000   0  0  2  1
  35. IC8H18           G  0  114.23266   300   5000  18  8  0  0
  36. C8H17            G  0  113.22469   300   5000  17  8  0  0
  37. C8H17OO          G  0  145.22349   300   5000  17  8  2  0
  38. IC8KET21         G  0  160.21492   300   5000  16  8  3  0
  39. C6H13CO          G  0  113.18106   300   5000  13  7  1  0
  40. C4H9             G  0   57.11633   200   6000   9  4  0  0
  41. C2H6             G  0   30.07012   300   4000   6  2  0  0
  42. CH2CHO           G  0   43.04561   300   5000   3  2  1  0
  43. CH2CO            G  0   42.03764   300   5000   2  2  1  0
  44. CH3O2            G  0   47.03386   300   5000   3  1  2  0
  45. CH3O2H           G  0   48.04183   300   5000   4  1  2  0
  46. SOOT             G  0  960.89203   200   5000   0 80  0  0
  47. NOX              G  0   30.00610   300   5000   0  0  1  1
 -------------------------------------------------------------------------------



                                                      (k = A T**b exp(-E/RT))
      REACTIONS CONSIDERED                              A        b        E

   1. IC8H18+H=C8H17+H2                             4.3800E+07    2.000     7760.000
   2. IC8H18+OH=C8H17+H2O                           3.4710E+07    1.800      278.200
   3. IC8H18+HO2=C8H17+H2O2                         2.2280E+14    0.000    18950.000
   4. IC8H18+O2=C8H17+HO2                           2.2190E+15    0.000    42904.000
   5. C8H17+O2=C8H17OO                              1.0530E+11    0.000        0.000
   6. C8H17OO+O2=IC8KET21+OH                        1.7400E+16    0.000    21233.000
   7. IC8KET21=CH2O+C6H13CO+OH                      1.7840E+14    0.000    39100.000
   8. C6H13CO=C4H9+C2H4+CO                          4.9200E+16    0.000    40200.000
   9. C4H9=C3H6+CH3                                 4.5600E+13    0.000    36900.000
  10. C8H17=C3H7+C2H4+C3H6                          2.1610E+16    0.000    36600.000
  11. IC8H18+C7H15-2<=>NC7H16+C8H17                 5.0120E+10    0.000        0.000
  12. NC7H16+H=C7H15-2+H2                           4.3800E+07    2.000     4760.000
  13. NC7H16+OH=C7H15-2+H2O                         1.3550E+10    1.300      690.000
  14. NC7H16+HO2=C7H15-2+H2O2                       3.3000E+14    0.000    16950.000
  15. NC7H16+O2=C7H15-2+HO2                         1.2500E+14    0.000    37904.000
  16. C7H15-2+O2=C7H15O2                            2.3400E+12    0.000        0.000
  17. C7H15O2+O2=C7KET12+OH                         3.2900E+14    0.000    18232.712
  18. C7KET12=C5H11CO+CH2O+OH                       6.0050E+14    0.000    41100.000
  19. C5H11CO=C2H4+C3H7+CO                          9.8400E+15    0.000    40200.000
  20. C7H15-2=C2H5+C2H4+C3H6                        4.0380E+15    0.000    34600.000
  21. C3H7=C2H4+CH3                                 9.6000E+13    0.000    30950.000
  22. C3H7=C3H6+H                                   1.2500E+14    0.000    36900.000
  23. C3H6+CH3=C3H5+CH4                             9.0000E+12    0.000     8480.000
  24. C3H5+O2=C3H4+HO2                              6.0000E+11    0.000    10000.000
  25. C3H4+OH=C2H3+CH2O                             1.0000E+12    0.000        0.000
  26. C3H4+OH=C2H4+HCO                              1.0000E+12    0.000        0.000
  27. CH3+HO2=CH3O+OH                               5.0000E+13    0.000        0.000
  28. CH3+OH=CH2+H2O                                7.5000E+06    2.000     5000.000
  29. CH2+OH=CH2O+H                                 2.5000E+13    0.000        0.000
  30. CH2+O2=HCO+OH                                 4.3000E+10    0.000     -500.000
  31. CH2+O2=CO2+H2                                 6.9000E+11    0.000      500.000
  32. CH2+O2=CO+H2O                                 2.0000E+10    0.000    -1000.000
  33. CH2+O2=CH2O+O                                 5.0000E+13    0.000     9000.000
  34. CH2+O2=CO2+H+H                                1.6000E+12    0.000     1000.000
  35. CH2+O2=CO+OH+H                                8.6000E+10    0.000     -500.000
  36. CH3O+CO=CH3+CO2                               3.9250E+13    0.000    11800.000
  37. CO+OH=CO2+H                                   1.2640E+07    1.300     -758.000
  38. O+CO(+M)<=>CO2(+M)                            1.8000E+10    0.000     2385.000
      Low pressure limit:  0.60200E+15  0.00000E+00  0.30000E+04
         H2               Enhanced by    2.000E+00
         O2               Enhanced by    6.000E+00
         H2O              Enhanced by    6.000E+00
         CO               Enhanced by    1.500E+00
         CO2              Enhanced by    3.500E+00
  39. O2+CO<=>O+CO2                                 2.5000E+12    0.000    47800.000
  40. HO2+CO<=>OH+CO2                               4.7600E+13    0.000    23600.000
  41. O+OH=O2+H                                     4.0000E+14   -0.500        0.000
  42. H+HO2=OH+OH                                   1.7000E+14    0.000      875.000
  43. OH+OH=O+H2O                                   6.0000E+08    1.300        0.000
  44. H+O2(+M)=HO2(+M)                              1.4750E+12    0.600        0.000
      Low pressure limit:  0.35000E+17 -0.41000E+00 -0.11160E+04
      TROE centering:      0.50000E+00  0.10000E-29  0.10000E+31
         H2               Enhanced by    2.000E+00
         H2O              Enhanced by    1.200E+01
         CO               Enhanced by    1.900E+00
         CO2              Enhanced by    3.800E+00
  45. OH+OH(+M)=H2O2(+M)                            1.2360E+14   -0.370        0.000
      Low pressure limit:  0.30410E+31 -0.46300E+01  0.20490E+04
      TROE centering:      0.47000E+00  0.10000E+03  0.20000E+04  0.10000E+16
         H2               Enhanced by    2.000E+00
         H2O              Enhanced by    1.200E+01
         CO               Enhanced by    1.900E+00
         CO2              Enhanced by    3.800E+00
  46. H2O2+H=HO2+H2                                 1.9800E+06    2.000     2435.000
  47. H2O2+H=OH+H2O                                 3.0700E+13    0.000     4217.000
  48. H2O2+O=OH+HO2                                 9.5500E+06    2.000     3970.000
  49. H2O2+OH=H2O+HO2                               2.4000E+00    4.042    -2162.000
  50. H2+OH=H2O+H                                   1.1700E+09    1.300     3626.000
  51. HO2+HO2=H2O2+O2                               3.0000E+12    0.000        0.000
  52. CH2O+OH=HCO+H2O                               5.5630E+10    1.095      -76.517
  53. CH2O+HO2=HCO+H2O2                             3.0000E+12    0.000     8000.000
  54. HCO+O2=HO2+CO                                 3.3000E+13   -0.400        0.000
  55. HCO+M=H+CO+M                                  1.5910E+18    0.950    56712.329
  56. CH3+CH3O=CH4+CH2O                             4.3000E+13    0.000        0.000
  57. C2H4+OH=CH2O+CH3                              1.2000E+14    0.000      960.000
  58. C2H4+OH=C2H3+H2O                              8.0200E+13    0.000     5955.000
  59. C2H3+O2=CH2O+HCO                              4.0000E+12    0.000     -250.000
  60. C2H3+HCO=C2H4+CO                              6.0340E+13    0.000        0.000
  61. C2H5+O2=C2H4+HO2                              2.0000E+10    0.000    -2200.000
  62. CH4+O2=CH3+HO2                                7.9000E+13    0.000    56000.000
  63. OH+HO2=H2O+O2                                 7.5000E+12    0.000        0.000
  64. CH3+O2=CH2O+OH                                3.8000E+11    0.000     9000.000
  65. CH4+H=CH3+H2                                  6.6000E+08    1.600    10840.000
  66. CH4+OH=CH3+H2O                                1.6000E+06    2.100     2460.000
  67. CH4+O=CH3+OH                                  1.0200E+09    1.500     8604.000
  68. CH4+HO2=CH3+H2O2                              9.0000E+11    0.000    18700.000
  69. CH4+CH2=CH3+CH3                               4.0000E+12    0.000     -570.000
  70. C3H6=C2H3+CH3                                 3.1500E+15    0.000    85500.000
  71. CH2+CH2=C2H2+H2                               1.2000E+13    0.000      800.000
  72. CH2+CH2=C2H2+H+H                              1.2000E+14    0.000      800.000
  73. C2H4+M=C2H2+H2+M                              1.5000E+15    0.000    55800.000
  74. C2H2+O2=HCO+HCO                               4.0000E+12    0.000    28000.000
  75. C2H2+O=CH2+CO                                 1.0200E+07    2.000     1900.000
  76. C2H2+H+M=C2H3+M                               5.5400E+12    0.000     2410.000
  77. C2H3+H=C2H2+H2                                4.0000E+13    0.000        0.000
  78. C2H3+OH=C2H2+H2O                              3.0000E+13    0.000        0.000
  79. C2H3+CH2=C2H2+CH3                             3.0000E+13    0.000        0.000
  80. C2H3+C2H3=C2H2+C2H4                           1.4500E+13    0.000        0.000
  81. C2H3+O=C2H2+OH                                1.0000E+13    0.000        0.000
  82. C2H2+OH=CH3+CO                                4.8300E-04    4.000    -2000.000
  83. C2H3=C2H2+H                                   4.6000E+40   -8.800    46200.000
  84. N+NO<=>N2+O                                   3.5000E+13    0.000      330.000
  85. N+O2<=>NO+O                                   2.6500E+12    0.000     6400.000
  86. N+OH<=>NO+H                                   7.3330E+13    0.000     1120.000
  87. N2O+O<=>N2+O2                                 1.4000E+12    0.000    10810.000
  88. N2O+O<=>2NO                                   2.9000E+13    0.000    23150.000
  89. N2O+H<=>N2+OH                                 4.4000E+14    0.000    18880.000
  90. N2O+OH<=>N2+HO2                               2.0000E+12    0.000    21060.000
  91. N2O(+M)<=>N2+O(+M)                            1.3000E+11    0.000    59620.000
      Low pressure limit:  0.62000E+15  0.00000E+00  0.56100E+05
         H2               Enhanced by    2.000E+00
         H2O              Enhanced by    6.000E+00
         CH4              Enhanced by    2.000E+00
         CO               Enhanced by    1.500E+00
         CO2              Enhanced by    2.000E+00
  92. HO2+NO<=>NO2+OH                               2.1100E+12    0.000     -480.000
  93. NO+O+M<=>NO2+M                                1.0600E+20   -1.410        0.000
         H2               Enhanced by    2.000E+00
         H2O              Enhanced by    6.000E+00
         CH4              Enhanced by    2.000E+00
         CO               Enhanced by    1.500E+00
         CO2              Enhanced by    2.000E+00
  94. NO2+O<=>NO+O2                                 3.9000E+12    0.000     -240.000
  95. NO2+H<=>NO+OH                                 1.3200E+14    0.000      360.000
  96. C3H6+H=C3H5+H2                                5.0000E+12    0.000     1500.000
  97. C3H6+O2=C3H5+HO2                              4.0000E+12    0.000    39900.000
  98. CH2CHO+H=CH3+HCO                              2.2000E+13    0.000        0.000
  99. CH2O+O2=HCO+HO2                               6.2000E+13    0.000    39000.000
 100. CH2O+O=HCO+OH                                 4.1000E+11    0.570     2760.000
 101. CH2O+H=HCO+H2                                 2.1900E+08    1.800     3000.000
 102. CH2O+M=CO+H2+M                                6.2500E+15    0.000    69540.000
 103. CH2O+M=HCO+H+M                                3.3000E+16    0.000    81000.000
 104. HCO+OH=H2O+CO                                 1.0000E+14    0.000        0.000
 105. HCO+O=OH+CO                                   3.0000E+13    0.000        0.000
 106. HCO+O=H+CO2                                   3.0000E+13    0.000        0.000
 107. HCO+HO2=CO2+OH+H                              3.0000E+13    0.000        0.000
 108. C2H6+CH3=C2H5+CH4                             1.5100E-07    6.000     6047.000
         Reverse Arrhenius coefficients:            9.6490E-10    6.560    10220.000
 109. C2H6+H=C2H5+H2                                5.3700E+02    3.500     5200.000
         Reverse Arrhenius coefficients:            9.7200E+02    3.500    27320.000
 110. C2H6+OH=C2H5+H2O                              5.1250E+06    2.060      855.000
         Reverse Arrhenius coefficients:            1.0100E+07    2.060    22980.000
 111. C2H6+O=C2H5+OH                                1.1300E+14    0.000     7850.000
         Reverse Arrhenius coefficients:            2.0800E+13    0.000    12720.000
 112. CH3+CH3(+M)=C2H6(+M)                          7.3710E+16   -1.170      635.800
      Low pressure limit:  0.90880E+36 -0.52460E+01  0.17050E+04
      TROE centering:      0.40500E+00  0.11200E+04  0.69600E+02  0.10000E+16
 113. C2H6+O2=C2H5+HO2                              4.0000E+13    0.000    50900.000
         Reverse Arrhenius coefficients:            3.0000E+11    0.000        0.000
 114. C2H6+HO2=C2H5+H2O2                            1.7000E+13    0.000    20460.000
         Reverse Arrhenius coefficients:            1.0690E+11    0.240     7842.000
 115. C2H6+C2H4=C2H5+C2H5                           5.0000E+11    0.000    60000.000
         Reverse Arrhenius coefficients:            5.0000E+11    0.000        0.000
 116. C2H6+M=C2H5+H+M                               8.8510E+20   -1.220   102200.000
         Reverse Arrhenius coefficients:            1.1480E+13    0.340    -1550.000
 117. C2H6+CH2=C2H5+CH3                             2.2000E+13    0.000     8670.000
         Reverse Arrhenius coefficients:            2.6650E+10    0.560    17060.000
 118. C2H6+CH3O2=C2H5+CH3O2H                        1.7000E+13    0.000    20460.000
         Reverse Arrhenius coefficients:            7.5000E+11    0.000     1280.000
 119. C3H6+C2H5=C3H5+C2H6                           1.0000E+11    0.000     9800.000
         Reverse Arrhenius coefficients:            5.3690E+05    1.330    16440.000
 120. C3H5+C2H5=C2H6+C3H4                           4.0000E+11    0.000        0.000
         Reverse Arrhenius coefficients:            1.8020E+12    0.050    40330.000
 121. C2H4+O=CH2CHO+H                               3.3900E+06    1.880      179.000
 122. C2H3+O2=CH2CHO+O                              3.5000E+14   -0.610     5260.000
 123. CH2CHO+O2=CH2O+CO+OH                          2.0000E+13    0.000    42000.000
 124. C2H2+OH=CH2CO+H                               2.1900E-04    4.500    -1000.000
 125. CH2CO+H=CH3+CO                                1.1000E+13    0.000     3400.000
 126. CH2CO+O=CH2+CO2                               1.7500E+12    0.000     1350.000
 127. CH2CO(+M)=CH2+CO(+M)                          3.0000E+14    0.000    70980.000
      Low pressure limit:  0.36000E+16  0.00000E+00  0.59270E+05
 128. C3H6+O=CH2CO+CH3+H                            2.5000E+07    1.760       76.000
 129. CH2CHO=CH2CO+H                                3.0940E+15   -0.260    50820.000
 130. CH3+O2+M=CH3O2+M                              5.4400E+25   -3.300        0.000
 131. CH3O2+CH3=CH3O+CH3O                           2.4100E+12    0.000        0.000
 132. CH3O2+O=CH3O+O2                               3.6100E+13    0.000        0.000
 133. CH3O2+H=CH3O+OH                               9.6400E+13    0.000        0.000
 134. CH3O+H=CH3+OH                                 1.0000E+14    0.000        0.000
 135. CH3+O=CH2O+H                                  8.0000E+13    0.000        0.000
 136. CH3+O2=CH3O+O                                 2.0000E+18   -1.600    29210.000
         Reverse Arrhenius coefficients:            3.5800E+18   -1.600    -1631.000
 137. CH3+H(+M)=CH4(+M)                             2.1380E+15   -0.400        0.000
      Low pressure limit:  0.33100E+31 -0.40000E+01  0.21080E+04
      TROE centering:      0.00000E+00  0.10000E-14  0.10000E-14  0.40000E+02
         H2               Enhanced by    2.000E+00
         H2O              Enhanced by    5.000E+00
         CO               Enhanced by    2.000E+00
         CO2              Enhanced by    3.000E+00
 138. CH3O2H=CH3O+OH                                6.3100E+14    0.000    42300.000
 139. CH3O2+CH2O=CH3O2H+HCO                         1.9900E+12    0.000    11670.000
 140. C2H4+CH3O2=C2H3+CH3O2H                        1.1300E+13    0.000    30430.000
 141. CH4+CH3O2=CH3+CH3O2H                          1.8100E+11    0.000    18480.000
 142. CH3O2+HO2=CH3O2H+O2                           1.7500E+10    0.000    -3275.000

  NOTE:  A units mole-cm-sec-K, E units cal/mole



 NO ERRORS FOUND ON INPUT...CHEMKIN LINKING FILE WRITTEN.

 WORKING SPACE REQUIREMENTS ARE
    INTEGER:     2532
    REAL:        2719
    CHARACTER:     51
