
 ZNDKIN:  Sensitity Analysis
          Based on SENKIN by: Andy Lutz
          CHEMKIN-II Version 3.0, March 1994
          DOUBLE PRECISION

  CKLIB:  Chemical Kinetics Library
          CHEMKIN-II Version 4.4, November 1994
          DOUBLE PRECISION
  Enter keyword: 
    SENS, CONP, CONV, VTIM, CONT, TTIM
          DUSR

     Sensitivity analysis will not be performed.

  CKLIB:  Chemical Kinetics Library
          CHEMKIN-II Version 4.4, November 1994
          DOUBLE PRECISION

  CKLIB:  Chemical Kinetics Library
          CHEMKIN-II Version 4.4, November 1994
          DOUBLE PRECISION
  Enter keywords:
  DET, PRES, TEMP, REAC, XEND, DELX, DTLIM, REST,
  RTOL, ATOL, RTLS, ATLS, or END

     Keyword input:

DET 1.850386e+05                                                                    
PRES 40                                                                             
TEMP 1000                                                                           
REAC IC8H18 1.652900e-02                                                            
REAC O2 2.066120e-01                                                                
REAC N2 7.768590e-01                                                                
TLIM 2000                                                                           

   Warning, keyword TLIM was not found.
XEND 1000                                                                           
DELX 1.000000e-01                                                                   
END                                                                                 

 EQUIL:  Chemkin interface for Stanjan-III
         CHEMKIN-II Version 3.0, December 1992
         DOUBLE PRECISION

         WORKING SPACE REQUIREMENTS
             PROVIDED        REQUIRED 
 INTEGER            1116           1116
 REAL               2410           2410
  STANJAN:  Version 3.8C, May 1988 
            W. C. Reynolds, Stanford Univ. 

  Initial Conditions:
  Shock speed (cm/s)    =  1.8504E+05
  CJ speed (cm/s)       =  1.8321E+05
  Pressure (atm)        =  4.0000E+01
  Temperature (K)       =  1.0000E+03
  Density (gm/cm3)      =  1.4752E-02

  Mole Fractions:
 NC7H16     = 0.0000E+00
 O2         = 2.0661E-01
 N2         = 7.7686E-01
 CO2        = 0.0000E+00
 H2O        = 0.0000E+00
 CO         = 0.0000E+00
 H2         = 0.0000E+00
 OH         = 0.0000E+00
 H2O2       = 0.0000E+00
 HO2        = 0.0000E+00
 H          = 0.0000E+00
 O          = 0.0000E+00
 CH3O       = 0.0000E+00
 CH2O       = 0.0000E+00
 HCO        = 0.0000E+00
 CH2        = 0.0000E+00
 CH3        = 0.0000E+00
 CH4        = 0.0000E+00
 C2H2       = 0.0000E+00
 C2H3       = 0.0000E+00
 C2H4       = 0.0000E+00
 C2H5       = 0.0000E+00
 C3H4       = 0.0000E+00
 C3H5       = 0.0000E+00
 C3H6       = 0.0000E+00
 C3H7       = 0.0000E+00
 C7H15-2    = 0.0000E+00
 C7H15O2    = 0.0000E+00
 C7KET12    = 0.0000E+00
 C5H11CO    = 0.0000E+00
 N          = 0.0000E+00
 N2O        = 0.0000E+00
 NO         = 0.0000E+00
 NO2        = 0.0000E+00
 IC8H18     = 1.6529E-02
 C8H17      = 0.0000E+00
 C8H17OO    = 0.0000E+00
 IC8KET21   = 0.0000E+00
 C6H13CO    = 0.0000E+00
 C4H9       = 0.0000E+00
 C2H6       = 0.0000E+00
 CH2CHO     = 0.0000E+00
 CH2CO      = 0.0000E+00
 CH3O2      = 0.0000E+00
 CH3O2H     = 0.0000E+00
 SOOT       = 0.0000E+00
 NOX        = 0.0000E+00

     User-specified detonation speed


  Post-shock Conditions:
  Relative speed (cm/s) =  3.6208E+04
  Absolute speed (cm/s) =  1.4883E+05
  Pressure (atm)        =  4.4094E+02
  Temperature (K)       =  2.1570E+03
  Density (gm/cm3)      =  7.5387E-02
 
 Ignition limit: TLIM=   2557.037    


  Integration:



   Integration completed: X >= XSTOP
   Ignition distance (cm) =   2.9974E+00
   Temp criteria (K)      =   2.5570E+03
   Total distance (cm)    =   1.0000E+03

   Binary file has   2195 time datasets.
